<?xml version="1.0" encoding="UTF-8"?>
<coverage generated="1775667691227" clover="3.2.0">
  <project timestamp="1775667691227" name="All files">
    <metrics statements="171" coveredstatements="166" conditionals="220" coveredconditionals="182" methods="10" coveredmethods="10" elements="401" coveredelements="358" complexity="0" loc="171" ncloc="171" packages="1" files="1" classes="1"/>
    <file name="actions.ts" path="/Users/vc/Desktop/Gradient/GradienceV2/app/courses/[courseId]/assessments/actions.ts">
      <metrics statements="171" coveredstatements="166" conditionals="220" coveredconditionals="182" methods="10" coveredmethods="10"/>
      <line num="3" count="1" type="stmt"/>
      <line num="4" count="1" type="stmt"/>
      <line num="5" count="1" type="stmt"/>
      <line num="6" count="1" type="stmt"/>
      <line num="7" count="1" type="stmt"/>
      <line num="8" count="1" type="stmt"/>
      <line num="9" count="1" type="stmt"/>
      <line num="44" count="421" type="stmt"/>
      <line num="45" count="421" type="cond" truecount="1" falsecount="1"/>
      <line num="48" count="1" type="stmt"/>
      <line num="49" count="204" type="cond" truecount="1" falsecount="1"/>
      <line num="50" count="204" type="stmt"/>
      <line num="51" count="204" type="cond" truecount="2" falsecount="0"/>
      <line num="54" count="1" type="stmt"/>
      <line num="64" count="1" type="stmt"/>
      <line num="65" count="34" type="cond" truecount="4" falsecount="0"/>
      <line num="66" count="1" type="stmt"/>
      <line num="73" count="34" type="cond" truecount="4" falsecount="0"/>
      <line num="74" count="1" type="stmt"/>
      <line num="81" count="34" type="cond" truecount="5" falsecount="0"/>
      <line num="82" count="1" type="stmt"/>
      <line num="89" count="34" type="stmt"/>
      <line num="90" count="34" type="stmt"/>
      <line num="91" count="34" type="stmt"/>
      <line num="92" count="34" type="stmt"/>
      <line num="93" count="34" type="cond" truecount="7" falsecount="0"/>
      <line num="94" count="1" type="stmt"/>
      <line num="95" count="2" type="stmt"/>
      <line num="96" count="2" type="stmt"/>
      <line num="97" count="2" type="cond" truecount="3" falsecount="1"/>
      <line num="98" count="2" type="cond" truecount="3" falsecount="1"/>
      <line num="99" count="2" type="stmt"/>
      <line num="102" count="1" type="stmt"/>
      <line num="103" count="1" type="stmt"/>
      <line num="104" count="1" type="cond" truecount="4" falsecount="1"/>
      <line num="105" count="1" type="stmt"/>
      <line num="115" count="39" type="cond" truecount="3" falsecount="1"/>
      <line num="116" count="39" type="cond" truecount="2" falsecount="0"/>
      <line num="118" count="22" type="cond" truecount="1" falsecount="1"/>
      <line num="119" count="22" type="stmt"/>
      <line num="122" count="17" type="cond" truecount="2" falsecount="0"/>
      <line num="126" count="25" type="stmt"/>
      <line num="139" count="25" type="cond" truecount="4" falsecount="0"/>
      <line num="143" count="22" type="stmt"/>
      <line num="149" count="22" type="cond" truecount="4" falsecount="0"/>
      <line num="175" count="18" type="stmt"/>
      <line num="177" count="18" type="stmt"/>
      <line num="178" count="18" type="stmt"/>
      <line num="179" count="18" type="stmt"/>
      <line num="181" count="18" type="cond" truecount="5" falsecount="0"/>
      <line num="182" count="2" type="stmt"/>
      <line num="190" count="2" type="cond" truecount="1" falsecount="1"/>
      <line num="191" count="0" type="stmt"/>
      <line num="194" count="2" type="stmt"/>
      <line num="198" count="16" type="cond" truecount="2" falsecount="0"/>
      <line num="199" count="14" type="cond" truecount="2" falsecount="0"/>
      <line num="200" count="1" type="stmt"/>
      <line num="204" count="13" type="cond" truecount="2" falsecount="0"/>
      <line num="205" count="1" type="stmt"/>
      <line num="211" count="14" type="cond" truecount="1" falsecount="1"/>
      <line num="212" count="14" type="cond" truecount="2" falsecount="0"/>
      <line num="213" count="1" type="stmt"/>
      <line num="217" count="13" type="cond" truecount="2" falsecount="0"/>
      <line num="218" count="1" type="stmt"/>
      <line num="224" count="12" type="stmt"/>
      <line num="227" count="1" type="stmt"/>
      <line num="231" count="21" type="stmt"/>
      <line num="233" count="21" type="stmt"/>
      <line num="248" count="21" type="stmt"/>
      <line num="249" count="21" type="cond" truecount="4" falsecount="0"/>
      <line num="251" count="21" type="cond" truecount="4" falsecount="1"/>
      <line num="252" count="0" type="stmt"/>
      <line num="255" count="21" type="stmt"/>
      <line num="265" count="21" type="cond" truecount="2" falsecount="0"/>
      <line num="266" count="5" type="stmt"/>
      <line num="269" count="16" type="stmt"/>
      <line num="270" count="16" type="cond" truecount="2" falsecount="0"/>
      <line num="271" count="1" type="stmt"/>
      <line num="274" count="15" type="stmt"/>
      <line num="275" count="15" type="cond" truecount="2" falsecount="0"/>
      <line num="276" count="1" type="stmt"/>
      <line num="279" count="14" type="stmt"/>
      <line num="280" count="14" type="cond" truecount="2" falsecount="0"/>
      <line num="281" count="1" type="stmt"/>
      <line num="284" count="13" type="stmt"/>
      <line num="285" count="13" type="stmt"/>
      <line num="287" count="13" type="cond" truecount="2" falsecount="0"/>
      <line num="292" count="13" type="cond" truecount="2" falsecount="0"/>
      <line num="296" count="13" type="stmt"/>
      <line num="297" count="13" type="stmt"/>
      <line num="301" count="13" type="cond" truecount="5" falsecount="0"/>
      <line num="302" count="1" type="stmt"/>
      <line num="312" count="12" type="stmt"/>
      <line num="324" count="12" type="cond" truecount="2" falsecount="0"/>
      <line num="325" count="5" type="stmt"/>
      <line num="328" count="7" type="stmt"/>
      <line num="329" count="7" type="cond" truecount="2" falsecount="0"/>
      <line num="330" count="5" type="cond" truecount="2" falsecount="0"/>
      <line num="331" count="1" type="stmt"/>
      <line num="333" count="4" type="stmt"/>
      <line num="334" count="4" type="stmt"/>
      <line num="335" count="4" type="cond" truecount="2" falsecount="0"/>
      <line num="336" count="3" type="cond" truecount="9" falsecount="2"/>
      <line num="337" count="3" type="cond" truecount="2" falsecount="0"/>
      <line num="338" count="1" type="stmt"/>
      <line num="340" count="2" type="stmt"/>
      <line num="342" count="1" type="cond" truecount="1" falsecount="1"/>
      <line num="343" count="0" type="stmt"/>
      <line num="345" count="1" type="cond" truecount="1" falsecount="1"/>
      <line num="346" count="1" type="stmt"/>
      <line num="347" count="1" type="stmt"/>
      <line num="351" count="2" type="stmt"/>
      <line num="367" count="2" type="stmt"/>
      <line num="368" count="2" type="stmt"/>
      <line num="371" count="1" type="stmt"/>
      <line num="375" count="13" type="stmt"/>
      <line num="377" count="13" type="stmt"/>
      <line num="393" count="13" type="stmt"/>
      <line num="394" count="13" type="cond" truecount="1" falsecount="3"/>
      <line num="396" count="13" type="cond" truecount="2" falsecount="3"/>
      <line num="397" count="0" type="stmt"/>
      <line num="400" count="13" type="stmt"/>
      <line num="410" count="13" type="cond" truecount="2" falsecount="0"/>
      <line num="411" count="1" type="stmt"/>
      <line num="414" count="12" type="stmt"/>
      <line num="415" count="12" type="stmt"/>
      <line num="416" count="12" type="cond" truecount="2" falsecount="0"/>
      <line num="417" count="1" type="stmt"/>
      <line num="419" count="11" type="cond" truecount="2" falsecount="0"/>
      <line num="420" count="1" type="stmt"/>
      <line num="423" count="10" type="stmt"/>
      <line num="424" count="10" type="cond" truecount="2" falsecount="0"/>
      <line num="425" count="1" type="stmt"/>
      <line num="428" count="9" type="stmt"/>
      <line num="434" count="9" type="stmt"/>
      <line num="435" count="9" type="cond" truecount="2" falsecount="0"/>
      <line num="436" count="1" type="stmt"/>
      <line num="439" count="8" type="stmt"/>
      <line num="440" count="8" type="cond" truecount="2" falsecount="0"/>
      <line num="441" count="1" type="stmt"/>
      <line num="444" count="7" type="stmt"/>
      <line num="445" count="7" type="stmt"/>
      <line num="447" count="7" type="cond" truecount="2" falsecount="0"/>
      <line num="451" count="7" type="cond" truecount="2" falsecount="0"/>
      <line num="455" count="7" type="stmt"/>
      <line num="456" count="7" type="stmt"/>
      <line num="458" count="7" type="cond" truecount="5" falsecount="0"/>
      <line num="459" count="1" type="stmt"/>
      <line num="469" count="6" type="stmt"/>
      <line num="481" count="6" type="cond" truecount="2" falsecount="0"/>
      <line num="482" count="1" type="stmt"/>
      <line num="485" count="5" type="stmt"/>
      <line num="486" count="5" type="cond" truecount="2" falsecount="0"/>
      <line num="487" count="4" type="cond" truecount="2" falsecount="0"/>
      <line num="488" count="1" type="stmt"/>
      <line num="490" count="3" type="stmt"/>
      <line num="491" count="3" type="stmt"/>
      <line num="492" count="3" type="cond" truecount="2" falsecount="0"/>
      <line num="493" count="2" type="cond" truecount="9" falsecount="2"/>
      <line num="494" count="2" type="cond" truecount="2" falsecount="0"/>
      <line num="495" count="1" type="stmt"/>
      <line num="497" count="1" type="stmt"/>
      <line num="499" count="1" type="cond" truecount="1" falsecount="1"/>
      <line num="500" count="0" type="stmt"/>
      <line num="502" count="1" type="cond" truecount="1" falsecount="1"/>
      <line num="503" count="1" type="stmt"/>
      <line num="504" count="1" type="stmt"/>
      <line num="508" count="1" type="stmt"/>
      <line num="522" count="1" type="stmt"/>
      <line num="523" count="1" type="stmt"/>
      <line num="524" count="1" type="stmt"/>
    </file>
  </project>
</coverage>
