{"/Users/vc/Desktop/Gradient/GradienceV2/app/courses/[courseId]/assessments/actions.ts": {"path":"/Users/vc/Desktop/Gradient/GradienceV2/app/courses/[courseId]/assessments/actions.ts","statementMap":{"0":{"start":{"line":227,"column":0},"end":{"line":227,"column":22}},"1":{"start":{"line":371,"column":0},"end":{"line":371,"column":22}},"2":{"start":{"line":3,"column":0},"end":{"line":3,"column":42}},"3":{"start":{"line":4,"column":0},"end":{"line":4,"column":43}},"4":{"start":{"line":5,"column":0},"end":{"line":5,"column":23}},"5":{"start":{"line":6,"column":0},"end":{"line":6,"column":37}},"6":{"start":{"line":7,"column":0},"end":{"line":7,"column":29}},"7":{"start":{"line":8,"column":0},"end":{"line":8,"column":69}},"8":{"start":{"line":9,"column":0},"end":{"line":9,"column":51}},"9":{"start":{"line":44,"column":16},"end":{"line":44,"column":33}},"10":{"start":{"line":45,"column":2},"end":{"line":45,"column":null}},"11":{"start":{"line":48,"column":25},"end":{"line":52,"column":1}},"12":{"start":{"line":49,"column":2},"end":{"line":49,"column":null}},"13":{"start":{"line":49,"column":33},"end":{"line":49,"column":null}},"14":{"start":{"line":50,"column":18},"end":{"line":50,"column":30}},"15":{"start":{"line":51,"column":2},"end":{"line":51,"column":null}},"16":{"start":{"line":54,"column":31},"end":{"line":62,"column":2}},"17":{"start":{"line":64,"column":31},"end":{"line":112,"column":2}},"18":{"start":{"line":65,"column":2},"end":{"line":71,"column":3}},"19":{"start":{"line":66,"column":4},"end":{"line":70,"column":null}},"20":{"start":{"line":73,"column":2},"end":{"line":79,"column":3}},"21":{"start":{"line":74,"column":4},"end":{"line":78,"column":null}},"22":{"start":{"line":81,"column":2},"end":{"line":87,"column":3}},"23":{"start":{"line":82,"column":4},"end":{"line":86,"column":null}},"24":{"start":{"line":89,"column":20},"end":{"line":89,"column":34}},"25":{"start":{"line":90,"column":18},"end":{"line":90,"column":30}},"26":{"start":{"line":91,"column":20},"end":{"line":91,"column":34}},"27":{"start":{"line":92,"column":18},"end":{"line":92,"column":30}},"28":{"start":{"line":93,"column":2},"end":{"line":111,"column":3}},"29":{"start":{"line":94,"column":25},"end":{"line":100,"column":5}},"30":{"start":{"line":95,"column":20},"end":{"line":95,"column":43}},"31":{"start":{"line":96,"column":16},"end":{"line":96,"column":32}},"32":{"start":{"line":97,"column":16},"end":{"line":97,"column":37}},"33":{"start":{"line":98,"column":6},"end":{"line":98,"column":null}},"34":{"start":{"line":98,"column":54},"end":{"line":98,"column":null}},"35":{"start":{"line":99,"column":6},"end":{"line":99,"column":null}},"36":{"start":{"line":102,"column":25},"end":{"line":102,"column":48}},"37":{"start":{"line":103,"column":23},"end":{"line":103,"column":44}},"38":{"start":{"line":104,"column":4},"end":{"line":110,"column":5}},"39":{"start":{"line":105,"column":6},"end":{"line":109,"column":null}},"40":{"start":{"line":115,"column":25},"end":{"line":115,"column":37}},"41":{"start":{"line":116,"column":2},"end":{"line":120,"column":3}},"42":{"start":{"line":118,"column":17},"end":{"line":118,"column":101}},"43":{"start":{"line":119,"column":4},"end":{"line":119,"column":null}},"44":{"start":{"line":122,"column":2},"end":{"line":122,"column":null}},"45":{"start":{"line":126,"column":21},"end":{"line":137,"column":13}},"46":{"start":{"line":139,"column":2},"end":{"line":139,"column":null}},"47":{"start":{"line":143,"column":21},"end":{"line":147,"column":13}},"48":{"start":{"line":149,"column":2},"end":{"line":149,"column":null}},"49":{"start":{"line":175,"column":6},"end":{"line":175,"column":12}},"50":{"start":{"line":177,"column":26},"end":{"line":177,"column":76}},"51":{"start":{"line":178,"column":24},"end":{"line":178,"column":72}},"52":{"start":{"line":179,"column":28},"end":{"line":179,"column":96}},"53":{"start":{"line":181,"column":2},"end":{"line":195,"column":3}},"54":{"start":{"line":182,"column":32},"end":{"line":187,"column":null}},"55":{"start":{"line":190,"column":4},"end":{"line":192,"column":5}},"56":{"start":{"line":191,"column":6},"end":{"line":191,"column":null}},"57":{"start":{"line":194,"column":4},"end":{"line":194,"column":null}},"58":{"start":{"line":198,"column":2},"end":{"line":209,"column":3}},"59":{"start":{"line":199,"column":4},"end":{"line":203,"column":5}},"60":{"start":{"line":200,"column":6},"end":{"line":202,"column":null}},"61":{"start":{"line":204,"column":4},"end":{"line":208,"column":5}},"62":{"start":{"line":205,"column":6},"end":{"line":207,"column":null}},"63":{"start":{"line":211,"column":2},"end":{"line":222,"column":3}},"64":{"start":{"line":212,"column":4},"end":{"line":216,"column":5}},"65":{"start":{"line":213,"column":6},"end":{"line":215,"column":null}},"66":{"start":{"line":217,"column":4},"end":{"line":221,"column":5}},"67":{"start":{"line":218,"column":6},"end":{"line":220,"column":null}},"68":{"start":{"line":224,"column":2},"end":{"line":224,"column":null}},"69":{"start":{"line":231,"column":15},"end":{"line":231,"column":37}},"70":{"start":{"line":233,"column":17},"end":{"line":246,"column":null}},"71":{"start":{"line":248,"column":29},"end":{"line":248,"column":63}},"72":{"start":{"line":249,"column":33},"end":{"line":249,"column":113}},"73":{"start":{"line":251,"column":2},"end":{"line":253,"column":3}},"74":{"start":{"line":252,"column":4},"end":{"line":252,"column":null}},"75":{"start":{"line":255,"column":17},"end":{"line":263,"column":4}},"76":{"start":{"line":265,"column":2},"end":{"line":267,"column":3}},"77":{"start":{"line":266,"column":4},"end":{"line":266,"column":null}},"78":{"start":{"line":269,"column":19},"end":{"line":269,"column":47}},"79":{"start":{"line":270,"column":2},"end":{"line":272,"column":3}},"80":{"start":{"line":271,"column":4},"end":{"line":271,"column":null}},"81":{"start":{"line":274,"column":21},"end":{"line":274,"column":75}},"82":{"start":{"line":275,"column":2},"end":{"line":277,"column":3}},"83":{"start":{"line":276,"column":4},"end":{"line":276,"column":null}},"84":{"start":{"line":279,"column":17},"end":{"line":279,"column":51}},"85":{"start":{"line":280,"column":2},"end":{"line":282,"column":3}},"86":{"start":{"line":281,"column":4},"end":{"line":281,"column":null}},"87":{"start":{"line":284,"column":24},"end":{"line":284,"column":79}},"88":{"start":{"line":285,"column":22},"end":{"line":285,"column":75}},"89":{"start":{"line":287,"column":20},"end":{"line":289,"column":30}},"90":{"start":{"line":292,"column":16},"end":{"line":294,"column":41}},"91":{"start":{"line":296,"column":22},"end":{"line":296,"column":51}},"92":{"start":{"line":297,"column":18},"end":{"line":297,"column":43}},"93":{"start":{"line":301,"column":2},"end":{"line":310,"column":3}},"94":{"start":{"line":302,"column":4},"end":{"line":309,"column":null}},"95":{"start":{"line":312,"column":22},"end":{"line":323,"column":4}},"96":{"start":{"line":324,"column":2},"end":{"line":326,"column":3}},"97":{"start":{"line":325,"column":4},"end":{"line":325,"column":null}},"98":{"start":{"line":328,"column":33},"end":{"line":328,"column":37}},"99":{"start":{"line":329,"column":2},"end":{"line":349,"column":3}},"100":{"start":{"line":330,"column":4},"end":{"line":332,"column":5}},"101":{"start":{"line":331,"column":6},"end":{"line":331,"column":null}},"102":{"start":{"line":333,"column":4},"end":{"line":333,"column":null}},"103":{"start":{"line":334,"column":24},"end":{"line":334,"column":53}},"104":{"start":{"line":335,"column":4},"end":{"line":341,"column":5}},"105":{"start":{"line":336,"column":34},"end":{"line":336,"column":150}},"106":{"start":{"line":337,"column":6},"end":{"line":339,"column":7}},"107":{"start":{"line":338,"column":8},"end":{"line":338,"column":null}},"108":{"start":{"line":340,"column":6},"end":{"line":340,"column":null}},"109":{"start":{"line":342,"column":4},"end":{"line":344,"column":5}},"110":{"start":{"line":343,"column":6},"end":{"line":343,"column":null}},"111":{"start":{"line":345,"column":4},"end":{"line":348,"column":5}},"112":{"start":{"line":346,"column":33},"end":{"line":346,"column":134}},"113":{"start":{"line":347,"column":6},"end":{"line":347,"column":null}},"114":{"start":{"line":351,"column":2},"end":{"line":365,"column":null}},"115":{"start":{"line":367,"column":2},"end":{"line":367,"column":null}},"116":{"start":{"line":368,"column":2},"end":{"line":368,"column":null}},"117":{"start":{"line":375,"column":15},"end":{"line":375,"column":37}},"118":{"start":{"line":377,"column":17},"end":{"line":391,"column":null}},"119":{"start":{"line":393,"column":29},"end":{"line":393,"column":63}},"120":{"start":{"line":394,"column":33},"end":{"line":394,"column":113}},"121":{"start":{"line":396,"column":2},"end":{"line":398,"column":3}},"122":{"start":{"line":397,"column":4},"end":{"line":397,"column":null}},"123":{"start":{"line":400,"column":17},"end":{"line":408,"column":4}},"124":{"start":{"line":410,"column":2},"end":{"line":412,"column":3}},"125":{"start":{"line":411,"column":4},"end":{"line":411,"column":null}},"126":{"start":{"line":414,"column":19},"end":{"line":414,"column":42}},"127":{"start":{"line":415,"column":23},"end":{"line":415,"column":50}},"128":{"start":{"line":416,"column":2},"end":{"line":418,"column":3}},"129":{"start":{"line":417,"column":4},"end":{"line":417,"column":null}},"130":{"start":{"line":419,"column":2},"end":{"line":421,"column":3}},"131":{"start":{"line":420,"column":4},"end":{"line":420,"column":null}},"132":{"start":{"line":423,"column":21},"end":{"line":423,"column":75}},"133":{"start":{"line":424,"column":2},"end":{"line":426,"column":3}},"134":{"start":{"line":425,"column":4},"end":{"line":425,"column":null}},"135":{"start":{"line":428,"column":23},"end":{"line":432,"column":13}},"136":{"start":{"line":434,"column":19},"end":{"line":434,"column":34}},"137":{"start":{"line":435,"column":2},"end":{"line":437,"column":3}},"138":{"start":{"line":436,"column":4},"end":{"line":436,"column":null}},"139":{"start":{"line":439,"column":17},"end":{"line":439,"column":51}},"140":{"start":{"line":440,"column":2},"end":{"line":442,"column":3}},"141":{"start":{"line":441,"column":4},"end":{"line":441,"column":null}},"142":{"start":{"line":444,"column":24},"end":{"line":444,"column":79}},"143":{"start":{"line":445,"column":22},"end":{"line":445,"column":75}},"144":{"start":{"line":447,"column":20},"end":{"line":449,"column":30}},"145":{"start":{"line":451,"column":16},"end":{"line":453,"column":41}},"146":{"start":{"line":455,"column":22},"end":{"line":455,"column":51}},"147":{"start":{"line":456,"column":18},"end":{"line":456,"column":43}},"148":{"start":{"line":458,"column":2},"end":{"line":467,"column":3}},"149":{"start":{"line":459,"column":4},"end":{"line":466,"column":null}},"150":{"start":{"line":469,"column":22},"end":{"line":480,"column":4}},"151":{"start":{"line":481,"column":2},"end":{"line":483,"column":3}},"152":{"start":{"line":482,"column":4},"end":{"line":482,"column":null}},"153":{"start":{"line":485,"column":33},"end":{"line":485,"column":37}},"154":{"start":{"line":486,"column":2},"end":{"line":506,"column":3}},"155":{"start":{"line":487,"column":4},"end":{"line":489,"column":5}},"156":{"start":{"line":488,"column":6},"end":{"line":488,"column":null}},"157":{"start":{"line":490,"column":4},"end":{"line":490,"column":null}},"158":{"start":{"line":491,"column":24},"end":{"line":491,"column":53}},"159":{"start":{"line":492,"column":4},"end":{"line":498,"column":5}},"160":{"start":{"line":493,"column":34},"end":{"line":493,"column":150}},"161":{"start":{"line":494,"column":6},"end":{"line":496,"column":7}},"162":{"start":{"line":495,"column":8},"end":{"line":495,"column":null}},"163":{"start":{"line":497,"column":6},"end":{"line":497,"column":null}},"164":{"start":{"line":499,"column":4},"end":{"line":501,"column":5}},"165":{"start":{"line":500,"column":6},"end":{"line":500,"column":null}},"166":{"start":{"line":502,"column":4},"end":{"line":505,"column":5}},"167":{"start":{"line":503,"column":33},"end":{"line":503,"column":134}},"168":{"start":{"line":504,"column":6},"end":{"line":504,"column":null}},"169":{"start":{"line":508,"column":2},"end":{"line":520,"column":null}},"170":{"start":{"line":522,"column":2},"end":{"line":522,"column":null}},"171":{"start":{"line":523,"column":2},"end":{"line":523,"column":null}},"172":{"start":{"line":524,"column":2},"end":{"line":524,"column":null}}},"fnMap":{"0":{"name":"readFormValue","decl":{"start":{"line":43,"column":9},"end":{"line":43,"column":22}},"loc":{"start":{"line":43,"column":54},"end":{"line":46,"column":1}}},"1":{"name":"(anonymous_8)","decl":{"start":{"line":48,"column":25},"end":{"line":48,"column":26}},"loc":{"start":{"line":48,"column":44},"end":{"line":52,"column":1}}},"2":{"name":"(anonymous_9)","decl":{"start":{"line":64,"column":66},"end":{"line":64,"column":67}},"loc":{"start":{"line":64,"column":80},"end":{"line":112,"column":1}}},"3":{"name":"(anonymous_10)","decl":{"start":{"line":94,"column":25},"end":{"line":94,"column":26}},"loc":{"start":{"line":94,"column":43},"end":{"line":100,"column":5}}},"4":{"name":"isoFromDateTime","decl":{"start":{"line":114,"column":9},"end":{"line":114,"column":24}},"loc":{"start":{"line":114,"column":77},"end":{"line":123,"column":1}}},"5":{"name":"requireActiveGraderMembership","decl":{"start":{"line":125,"column":15},"end":{"line":125,"column":44}},"loc":{"start":{"line":125,"column":77},"end":{"line":140,"column":null}}},"6":{"name":"getCourseDateRange","decl":{"start":{"line":142,"column":15},"end":{"line":142,"column":33}},"loc":{"start":{"line":142,"column":50},"end":{"line":150,"column":null}}},"7":{"name":"validateWithinCourseRange","decl":{"start":{"line":152,"column":9},"end":{"line":152,"column":34}},"loc":{"start":{"line":163,"column":1},"end":{"line":225,"column":1}}},"8":{"name":"createAssignmentAction","decl":{"start":{"line":227,"column":22},"end":{"line":227,"column":44}},"loc":{"start":{"line":229,"column":20},"end":{"line":369,"column":null}}},"9":{"name":"updateAssignmentAction","decl":{"start":{"line":371,"column":22},"end":{"line":371,"column":44}},"loc":{"start":{"line":373,"column":20},"end":{"line":525,"column":null}}}},"branchMap":{"0":{"loc":{"start":{"line":45,"column":9},"end":{"line":45,"column":47}},"type":"cond-expr","locations":[{"start":{"line":45,"column":37},"end":{"line":45,"column":42}},{"start":{"line":45,"column":45},"end":{"line":45,"column":47}}]},"1":{"loc":{"start":{"line":49,"column":2},"end":{"line":49,"column":null}},"type":"if","locations":[{"start":{"line":49,"column":2},"end":{"line":49,"column":null}},{"start":{},"end":{}}]},"2":{"loc":{"start":{"line":51,"column":9},"end":{"line":51,"column":49}},"type":"cond-expr","locations":[{"start":{"line":51,"column":30},"end":{"line":51,"column":37}},{"start":{"line":51,"column":40},"end":{"line":51,"column":49}}]},"3":{"loc":{"start":{"line":65,"column":2},"end":{"line":71,"column":3}},"type":"if","locations":[{"start":{"line":65,"column":2},"end":{"line":71,"column":3}},{"start":{},"end":{}}]},"4":{"loc":{"start":{"line":65,"column":6},"end":{"line":65,"column":39}},"type":"binary-expr","locations":[{"start":{"line":65,"column":6},"end":{"line":65,"column":20}},{"start":{"line":65,"column":24},"end":{"line":65,"column":39}}]},"5":{"loc":{"start":{"line":73,"column":2},"end":{"line":79,"column":3}},"type":"if","locations":[{"start":{"line":73,"column":2},"end":{"line":79,"column":3}},{"start":{},"end":{}}]},"6":{"loc":{"start":{"line":73,"column":6},"end":{"line":73,"column":35}},"type":"binary-expr","locations":[{"start":{"line":73,"column":6},"end":{"line":73,"column":18}},{"start":{"line":73,"column":22},"end":{"line":73,"column":35}}]},"7":{"loc":{"start":{"line":81,"column":2},"end":{"line":87,"column":3}},"type":"if","locations":[{"start":{"line":81,"column":2},"end":{"line":87,"column":3}},{"start":{},"end":{}}]},"8":{"loc":{"start":{"line":81,"column":6},"end":{"line":81,"column":69}},"type":"binary-expr","locations":[{"start":{"line":81,"column":6},"end":{"line":81,"column":20}},{"start":{"line":81,"column":24},"end":{"line":81,"column":36}},{"start":{"line":81,"column":40},"end":{"line":81,"column":69}}]},"9":{"loc":{"start":{"line":93,"column":2},"end":{"line":111,"column":3}},"type":"if","locations":[{"start":{"line":93,"column":2},"end":{"line":111,"column":3}},{"start":{},"end":{}}]},"10":{"loc":{"start":{"line":93,"column":6},"end":{"line":93,"column":75}},"type":"binary-expr","locations":[{"start":{"line":93,"column":6},"end":{"line":93,"column":15}},{"start":{"line":93,"column":19},"end":{"line":93,"column":26}},{"start":{"line":93,"column":30},"end":{"line":93,"column":51}},{"start":{"line":93,"column":55},"end":{"line":93,"column":64}},{"start":{"line":93,"column":68},"end":{"line":93,"column":75}}]},"11":{"loc":{"start":{"line":97,"column":23},"end":{"line":97,"column":36}},"type":"cond-expr","locations":[{"start":{"line":97,"column":31},"end":{"line":97,"column":35}},{"start":{"line":97,"column":35},"end":{"line":97,"column":36}}]},"12":{"loc":{"start":{"line":97,"column":23},"end":{"line":97,"column":35}},"type":"binary-expr","locations":[{"start":{"line":97,"column":23},"end":{"line":97,"column":35}},{"start":{"line":97,"column":31},"end":{"line":97,"column":35}}]},"13":{"loc":{"start":{"line":98,"column":6},"end":{"line":98,"column":null}},"type":"if","locations":[{"start":{"line":98,"column":6},"end":{"line":98,"column":null}},{"start":{},"end":{}}]},"14":{"loc":{"start":{"line":98,"column":10},"end":{"line":98,"column":52}},"type":"binary-expr","locations":[{"start":{"line":98,"column":10},"end":{"line":98,"column":29}},{"start":{"line":98,"column":33},"end":{"line":98,"column":52}}]},"15":{"loc":{"start":{"line":104,"column":4},"end":{"line":110,"column":5}},"type":"if","locations":[{"start":{"line":104,"column":4},"end":{"line":110,"column":5}},{"start":{},"end":{}}]},"16":{"loc":{"start":{"line":104,"column":8},"end":{"line":104,"column":97}},"type":"binary-expr","locations":[{"start":{"line":104,"column":8},"end":{"line":104,"column":37}},{"start":{"line":104,"column":41},"end":{"line":104,"column":68}},{"start":{"line":104,"column":72},"end":{"line":104,"column":97}}]},"17":{"loc":{"start":{"line":114,"column":53},"end":{"line":114,"column":77}},"type":"default-arg","locations":[{"start":{"line":114,"column":72},"end":{"line":114,"column":77}}]},"18":{"loc":{"start":{"line":115,"column":25},"end":{"line":115,"column":37}},"type":"cond-expr","locations":[{"start":{"line":115,"column":29},"end":{"line":115,"column":31}},{"start":{"line":115,"column":25},"end":{"line":115,"column":37}}]},"19":{"loc":{"start":{"line":115,"column":25},"end":{"line":115,"column":31}},"type":"binary-expr","locations":[{"start":{"line":115,"column":25},"end":{"line":115,"column":31}},{"start":{"line":115,"column":25},"end":{"line":115,"column":31}}]},"20":{"loc":{"start":{"line":116,"column":2},"end":{"line":120,"column":3}},"type":"if","locations":[{"start":{"line":116,"column":2},"end":{"line":120,"column":3}},{"start":{},"end":{}}]},"21":{"loc":{"start":{"line":118,"column":17},"end":{"line":118,"column":101}},"type":"cond-expr","locations":[{"start":{"line":118,"column":47},"end":{"line":118,"column":74}},{"start":{"line":118,"column":77},"end":{"line":118,"column":101}}]},"22":{"loc":{"start":{"line":122,"column":29},"end":{"line":122,"column":81}},"type":"cond-expr","locations":[{"start":{"line":122,"column":48},"end":{"line":122,"column":63}},{"start":{"line":122,"column":66},"end":{"line":122,"column":81}}]},"23":{"loc":{"start":{"line":139,"column":9},"end":{"line":139,"column":30}},"type":"cond-expr","locations":[{"start":{"line":139,"column":22},"end":{"line":139,"column":26}},{"start":{"line":139,"column":26},"end":{"line":139,"column":30}}]},"24":{"loc":{"start":{"line":139,"column":9},"end":{"line":139,"column":26}},"type":"binary-expr","locations":[{"start":{"line":139,"column":9},"end":{"line":139,"column":26}},{"start":{"line":139,"column":22},"end":{"line":139,"column":26}}]},"25":{"loc":{"start":{"line":149,"column":9},"end":{"line":149,"column":30}},"type":"cond-expr","locations":[{"start":{"line":149,"column":22},"end":{"line":149,"column":26}},{"start":{"line":149,"column":26},"end":{"line":149,"column":30}}]},"26":{"loc":{"start":{"line":149,"column":9},"end":{"line":149,"column":26}},"type":"binary-expr","locations":[{"start":{"line":149,"column":9},"end":{"line":149,"column":26}},{"start":{"line":149,"column":22},"end":{"line":149,"column":26}}]},"27":{"loc":{"start":{"line":181,"column":2},"end":{"line":195,"column":3}},"type":"if","locations":[{"start":{"line":181,"column":2},"end":{"line":195,"column":3}},{"start":{},"end":{}}]},"28":{"loc":{"start":{"line":181,"column":6},"end":{"line":181,"column":87}},"type":"binary-expr","locations":[{"start":{"line":181,"column":6},"end":{"line":181,"column":34}},{"start":{"line":181,"column":38},"end":{"line":181,"column":62}},{"start":{"line":181,"column":66},"end":{"line":181,"column":87}}]},"29":{"loc":{"start":{"line":183,"column":6},"end":{"line":187,"column":null}},"type":"binary-expr","locations":[{"start":{"line":183,"column":6},"end":{"line":183,"column":15}},{"start":{"line":184,"column":8},"end":{"line":184,"column":15}},{"start":{"line":185,"column":8},"end":{"line":185,"column":29}},{"start":{"line":186,"column":8},"end":{"line":186,"column":25}},{"start":{"line":187,"column":8},"end":{"line":187,"column":23}}]},"30":{"loc":{"start":{"line":186,"column":8},"end":{"line":186,"column":25}},"type":"cond-expr","locations":[{"start":{"line":186,"column":17},"end":{"line":186,"column":19}},{"start":{"line":186,"column":8},"end":{"line":186,"column":25}}]},"31":{"loc":{"start":{"line":186,"column":8},"end":{"line":186,"column":19}},"type":"binary-expr","locations":[{"start":{"line":186,"column":8},"end":{"line":186,"column":19}},{"start":{"line":186,"column":8},"end":{"line":186,"column":19}}]},"32":{"loc":{"start":{"line":187,"column":8},"end":{"line":187,"column":23}},"type":"cond-expr","locations":[{"start":{"line":187,"column":15},"end":{"line":187,"column":17}},{"start":{"line":187,"column":8},"end":{"line":187,"column":23}}]},"33":{"loc":{"start":{"line":187,"column":8},"end":{"line":187,"column":17}},"type":"binary-expr","locations":[{"start":{"line":187,"column":8},"end":{"line":187,"column":17}},{"start":{"line":187,"column":8},"end":{"line":187,"column":17}}]},"34":{"loc":{"start":{"line":190,"column":4},"end":{"line":192,"column":5}},"type":"if","locations":[{"start":{"line":190,"column":4},"end":{"line":192,"column":5}},{"start":{},"end":{}}]},"35":{"loc":{"start":{"line":198,"column":2},"end":{"line":209,"column":3}},"type":"if","locations":[{"start":{"line":198,"column":2},"end":{"line":209,"column":3}},{"start":{},"end":{}}]},"36":{"loc":{"start":{"line":199,"column":4},"end":{"line":203,"column":5}},"type":"if","locations":[{"start":{"line":199,"column":4},"end":{"line":203,"column":5}},{"start":{},"end":{}}]},"37":{"loc":{"start":{"line":204,"column":4},"end":{"line":208,"column":5}},"type":"if","locations":[{"start":{"line":204,"column":4},"end":{"line":208,"column":5}},{"start":{},"end":{}}]},"38":{"loc":{"start":{"line":211,"column":2},"end":{"line":222,"column":3}},"type":"if","locations":[{"start":{"line":211,"column":2},"end":{"line":222,"column":3}},{"start":{},"end":{}}]},"39":{"loc":{"start":{"line":212,"column":4},"end":{"line":216,"column":5}},"type":"if","locations":[{"start":{"line":212,"column":4},"end":{"line":216,"column":5}},{"start":{},"end":{}}]},"40":{"loc":{"start":{"line":217,"column":4},"end":{"line":221,"column":5}},"type":"if","locations":[{"start":{"line":217,"column":4},"end":{"line":221,"column":5}},{"start":{},"end":{}}]},"41":{"loc":{"start":{"line":249,"column":33},"end":{"line":249,"column":113}},"type":"cond-expr","locations":[{"start":{"line":249,"column":54},"end":{"line":249,"column":109}},{"start":{"line":249,"column":112},"end":{"line":249,"column":113}}]},"42":{"loc":{"start":{"line":249,"column":66},"end":{"line":249,"column":108}},"type":"binary-expr","locations":[{"start":{"line":249,"column":66},"end":{"line":249,"column":103}},{"start":{"line":249,"column":107},"end":{"line":249,"column":108}}]},"43":{"loc":{"start":{"line":251,"column":2},"end":{"line":253,"column":3}},"type":"if","locations":[{"start":{"line":251,"column":2},"end":{"line":253,"column":3}},{"start":{},"end":{}}]},"44":{"loc":{"start":{"line":251,"column":6},"end":{"line":251,"column":100}},"type":"binary-expr","locations":[{"start":{"line":251,"column":6},"end":{"line":251,"column":24}},{"start":{"line":251,"column":29},"end":{"line":251,"column":69}},{"start":{"line":251,"column":73},"end":{"line":251,"column":99}}]},"45":{"loc":{"start":{"line":265,"column":2},"end":{"line":267,"column":3}},"type":"if","locations":[{"start":{"line":265,"column":2},"end":{"line":267,"column":3}},{"start":{},"end":{}}]},"46":{"loc":{"start":{"line":270,"column":2},"end":{"line":272,"column":3}},"type":"if","locations":[{"start":{"line":270,"column":2},"end":{"line":272,"column":3}},{"start":{},"end":{}}]},"47":{"loc":{"start":{"line":275,"column":2},"end":{"line":277,"column":3}},"type":"if","locations":[{"start":{"line":275,"column":2},"end":{"line":277,"column":3}},{"start":{},"end":{}}]},"48":{"loc":{"start":{"line":280,"column":2},"end":{"line":282,"column":3}},"type":"if","locations":[{"start":{"line":280,"column":2},"end":{"line":282,"column":3}},{"start":{},"end":{}}]},"49":{"loc":{"start":{"line":287,"column":20},"end":{"line":289,"column":30}},"type":"cond-expr","locations":[{"start":{"line":288,"column":6},"end":{"line":288,"column":80}},{"start":{"line":289,"column":6},"end":{"line":289,"column":30}}]},"50":{"loc":{"start":{"line":288,"column":45},"end":{"line":288,"column":72}},"type":"cond-expr","locations":[{"start":{"line":288,"column":66},"end":{"line":288,"column":70}},{"start":{"line":288,"column":70},"end":{"line":288,"column":72}}]},"51":{"loc":{"start":{"line":288,"column":45},"end":{"line":288,"column":70}},"type":"binary-expr","locations":[{"start":{"line":288,"column":45},"end":{"line":288,"column":70}},{"start":{"line":288,"column":66},"end":{"line":288,"column":70}}]},"52":{"loc":{"start":{"line":292,"column":16},"end":{"line":294,"column":41}},"type":"cond-expr","locations":[{"start":{"line":293,"column":6},"end":{"line":293,"column":75}},{"start":{"line":294,"column":6},"end":{"line":294,"column":41}}]},"53":{"loc":{"start":{"line":293,"column":43},"end":{"line":293,"column":68}},"type":"cond-expr","locations":[{"start":{"line":293,"column":62},"end":{"line":293,"column":66}},{"start":{"line":293,"column":66},"end":{"line":293,"column":68}}]},"54":{"loc":{"start":{"line":293,"column":43},"end":{"line":293,"column":66}},"type":"binary-expr","locations":[{"start":{"line":293,"column":43},"end":{"line":293,"column":66}},{"start":{"line":293,"column":62},"end":{"line":293,"column":66}}]},"55":{"loc":{"start":{"line":301,"column":2},"end":{"line":310,"column":3}},"type":"if","locations":[{"start":{"line":301,"column":2},"end":{"line":310,"column":3}},{"start":{},"end":{}}]},"56":{"loc":{"start":{"line":301,"column":6},"end":{"line":301,"column":81}},"type":"binary-expr","locations":[{"start":{"line":301,"column":6},"end":{"line":301,"column":28}},{"start":{"line":301,"column":32},"end":{"line":301,"column":52}},{"start":{"line":301,"column":56},"end":{"line":301,"column":81}}]},"57":{"loc":{"start":{"line":324,"column":2},"end":{"line":326,"column":3}},"type":"if","locations":[{"start":{"line":324,"column":2},"end":{"line":326,"column":3}},{"start":{},"end":{}}]},"58":{"loc":{"start":{"line":329,"column":2},"end":{"line":349,"column":3}},"type":"if","locations":[{"start":{"line":329,"column":2},"end":{"line":349,"column":3}},{"start":{},"end":{}}]},"59":{"loc":{"start":{"line":330,"column":4},"end":{"line":332,"column":5}},"type":"if","locations":[{"start":{"line":330,"column":4},"end":{"line":332,"column":5}},{"start":{},"end":{}}]},"60":{"loc":{"start":{"line":335,"column":4},"end":{"line":341,"column":5}},"type":"if","locations":[{"start":{"line":335,"column":4},"end":{"line":341,"column":5}},{"start":{},"end":{}}]},"61":{"loc":{"start":{"line":336,"column":42},"end":{"line":336,"column":150}},"type":"binary-expr","locations":[{"start":{"line":336,"column":42},"end":{"line":336,"column":86}},{"start":{"line":336,"column":90},"end":{"line":336,"column":118}},{"start":{"line":336,"column":122},"end":{"line":336,"column":149}}]},"62":{"loc":{"start":{"line":336,"column":90},"end":{"line":336,"column":118}},"type":"cond-expr","locations":[{"start":{"line":336,"column":110},"end":{"line":336,"column":112}},{"start":{"line":336,"column":110},"end":{"line":336,"column":118}}]},"63":{"loc":{"start":{"line":336,"column":90},"end":{"line":336,"column":112}},"type":"binary-expr","locations":[{"start":{"line":336,"column":90},"end":{"line":336,"column":112}},{"start":{"line":336,"column":110},"end":{"line":336,"column":112}}]},"64":{"loc":{"start":{"line":336,"column":122},"end":{"line":336,"column":149}},"type":"cond-expr","locations":[{"start":{"line":336,"column":141},"end":{"line":336,"column":143}},{"start":{"line":336,"column":141},"end":{"line":336,"column":149}}]},"65":{"loc":{"start":{"line":336,"column":122},"end":{"line":336,"column":143}},"type":"binary-expr","locations":[{"start":{"line":336,"column":122},"end":{"line":336,"column":143}},{"start":{"line":336,"column":141},"end":{"line":336,"column":143}}]},"66":{"loc":{"start":{"line":337,"column":6},"end":{"line":339,"column":7}},"type":"if","locations":[{"start":{"line":337,"column":6},"end":{"line":339,"column":7}},{"start":{},"end":{}}]},"67":{"loc":{"start":{"line":342,"column":4},"end":{"line":344,"column":5}},"type":"if","locations":[{"start":{"line":342,"column":4},"end":{"line":344,"column":5}},{"start":{},"end":{}}]},"68":{"loc":{"start":{"line":345,"column":4},"end":{"line":348,"column":5}},"type":"if","locations":[{"start":{"line":345,"column":4},"end":{"line":348,"column":5}},{"start":{},"end":{}}]},"69":{"loc":{"start":{"line":354,"column":17},"end":{"line":354,"column":48}},"type":"cond-expr","locations":[{"start":{"line":354,"column":40},"end":{"line":354,"column":44}},{"start":{"line":354,"column":44},"end":{"line":354,"column":48}}]},"70":{"loc":{"start":{"line":354,"column":17},"end":{"line":354,"column":44}},"type":"binary-expr","locations":[{"start":{"line":354,"column":17},"end":{"line":354,"column":44}},{"start":{"line":354,"column":40},"end":{"line":354,"column":44}}]},"71":{"loc":{"start":{"line":394,"column":33},"end":{"line":394,"column":113}},"type":"cond-expr","locations":[{"start":{"line":394,"column":54},"end":{"line":394,"column":109}},{"start":{"line":394,"column":112},"end":{"line":394,"column":113}}]},"72":{"loc":{"start":{"line":394,"column":66},"end":{"line":394,"column":108}},"type":"binary-expr","locations":[{"start":{"line":394,"column":66},"end":{"line":394,"column":103}},{"start":{"line":394,"column":107},"end":{"line":394,"column":108}}]},"73":{"loc":{"start":{"line":396,"column":2},"end":{"line":398,"column":3}},"type":"if","locations":[{"start":{"line":396,"column":2},"end":{"line":398,"column":3}},{"start":{},"end":{}}]},"74":{"loc":{"start":{"line":396,"column":6},"end":{"line":396,"column":100}},"type":"binary-expr","locations":[{"start":{"line":396,"column":6},"end":{"line":396,"column":24}},{"start":{"line":396,"column":29},"end":{"line":396,"column":69}},{"start":{"line":396,"column":73},"end":{"line":396,"column":99}}]},"75":{"loc":{"start":{"line":410,"column":2},"end":{"line":412,"column":3}},"type":"if","locations":[{"start":{"line":410,"column":2},"end":{"line":412,"column":3}},{"start":{},"end":{}}]},"76":{"loc":{"start":{"line":416,"column":2},"end":{"line":418,"column":3}},"type":"if","locations":[{"start":{"line":416,"column":2},"end":{"line":418,"column":3}},{"start":{},"end":{}}]},"77":{"loc":{"start":{"line":419,"column":2},"end":{"line":421,"column":3}},"type":"if","locations":[{"start":{"line":419,"column":2},"end":{"line":421,"column":3}},{"start":{},"end":{}}]},"78":{"loc":{"start":{"line":424,"column":2},"end":{"line":426,"column":3}},"type":"if","locations":[{"start":{"line":424,"column":2},"end":{"line":426,"column":3}},{"start":{},"end":{}}]},"79":{"loc":{"start":{"line":435,"column":2},"end":{"line":437,"column":3}},"type":"if","locations":[{"start":{"line":435,"column":2},"end":{"line":437,"column":3}},{"start":{},"end":{}}]},"80":{"loc":{"start":{"line":440,"column":2},"end":{"line":442,"column":3}},"type":"if","locations":[{"start":{"line":440,"column":2},"end":{"line":442,"column":3}},{"start":{},"end":{}}]},"81":{"loc":{"start":{"line":447,"column":20},"end":{"line":449,"column":30}},"type":"cond-expr","locations":[{"start":{"line":448,"column":6},"end":{"line":448,"column":80}},{"start":{"line":449,"column":6},"end":{"line":449,"column":30}}]},"82":{"loc":{"start":{"line":448,"column":45},"end":{"line":448,"column":72}},"type":"cond-expr","locations":[{"start":{"line":448,"column":66},"end":{"line":448,"column":70}},{"start":{"line":448,"column":70},"end":{"line":448,"column":72}}]},"83":{"loc":{"start":{"line":448,"column":45},"end":{"line":448,"column":70}},"type":"binary-expr","locations":[{"start":{"line":448,"column":45},"end":{"line":448,"column":70}},{"start":{"line":448,"column":66},"end":{"line":448,"column":70}}]},"84":{"loc":{"start":{"line":451,"column":16},"end":{"line":453,"column":41}},"type":"cond-expr","locations":[{"start":{"line":452,"column":6},"end":{"line":452,"column":75}},{"start":{"line":453,"column":6},"end":{"line":453,"column":41}}]},"85":{"loc":{"start":{"line":452,"column":43},"end":{"line":452,"column":68}},"type":"cond-expr","locations":[{"start":{"line":452,"column":62},"end":{"line":452,"column":66}},{"start":{"line":452,"column":66},"end":{"line":452,"column":68}}]},"86":{"loc":{"start":{"line":452,"column":43},"end":{"line":452,"column":66}},"type":"binary-expr","locations":[{"start":{"line":452,"column":43},"end":{"line":452,"column":66}},{"start":{"line":452,"column":62},"end":{"line":452,"column":66}}]},"87":{"loc":{"start":{"line":458,"column":2},"end":{"line":467,"column":3}},"type":"if","locations":[{"start":{"line":458,"column":2},"end":{"line":467,"column":3}},{"start":{},"end":{}}]},"88":{"loc":{"start":{"line":458,"column":6},"end":{"line":458,"column":81}},"type":"binary-expr","locations":[{"start":{"line":458,"column":6},"end":{"line":458,"column":28}},{"start":{"line":458,"column":32},"end":{"line":458,"column":52}},{"start":{"line":458,"column":56},"end":{"line":458,"column":81}}]},"89":{"loc":{"start":{"line":481,"column":2},"end":{"line":483,"column":3}},"type":"if","locations":[{"start":{"line":481,"column":2},"end":{"line":483,"column":3}},{"start":{},"end":{}}]},"90":{"loc":{"start":{"line":486,"column":2},"end":{"line":506,"column":3}},"type":"if","locations":[{"start":{"line":486,"column":2},"end":{"line":506,"column":3}},{"start":{},"end":{}}]},"91":{"loc":{"start":{"line":487,"column":4},"end":{"line":489,"column":5}},"type":"if","locations":[{"start":{"line":487,"column":4},"end":{"line":489,"column":5}},{"start":{},"end":{}}]},"92":{"loc":{"start":{"line":492,"column":4},"end":{"line":498,"column":5}},"type":"if","locations":[{"start":{"line":492,"column":4},"end":{"line":498,"column":5}},{"start":{},"end":{}}]},"93":{"loc":{"start":{"line":493,"column":42},"end":{"line":493,"column":150}},"type":"binary-expr","locations":[{"start":{"line":493,"column":42},"end":{"line":493,"column":86}},{"start":{"line":493,"column":90},"end":{"line":493,"column":118}},{"start":{"line":493,"column":122},"end":{"line":493,"column":149}}]},"94":{"loc":{"start":{"line":493,"column":90},"end":{"line":493,"column":118}},"type":"cond-expr","locations":[{"start":{"line":493,"column":110},"end":{"line":493,"column":112}},{"start":{"line":493,"column":110},"end":{"line":493,"column":118}}]},"95":{"loc":{"start":{"line":493,"column":90},"end":{"line":493,"column":112}},"type":"binary-expr","locations":[{"start":{"line":493,"column":90},"end":{"line":493,"column":112}},{"start":{"line":493,"column":110},"end":{"line":493,"column":112}}]},"96":{"loc":{"start":{"line":493,"column":122},"end":{"line":493,"column":149}},"type":"cond-expr","locations":[{"start":{"line":493,"column":141},"end":{"line":493,"column":143}},{"start":{"line":493,"column":141},"end":{"line":493,"column":149}}]},"97":{"loc":{"start":{"line":493,"column":122},"end":{"line":493,"column":143}},"type":"binary-expr","locations":[{"start":{"line":493,"column":122},"end":{"line":493,"column":143}},{"start":{"line":493,"column":141},"end":{"line":493,"column":143}}]},"98":{"loc":{"start":{"line":494,"column":6},"end":{"line":496,"column":7}},"type":"if","locations":[{"start":{"line":494,"column":6},"end":{"line":496,"column":7}},{"start":{},"end":{}}]},"99":{"loc":{"start":{"line":499,"column":4},"end":{"line":501,"column":5}},"type":"if","locations":[{"start":{"line":499,"column":4},"end":{"line":501,"column":5}},{"start":{},"end":{}}]},"100":{"loc":{"start":{"line":502,"column":4},"end":{"line":505,"column":5}},"type":"if","locations":[{"start":{"line":502,"column":4},"end":{"line":505,"column":5}},{"start":{},"end":{}}]},"101":{"loc":{"start":{"line":512,"column":19},"end":{"line":512,"column":50}},"type":"cond-expr","locations":[{"start":{"line":512,"column":42},"end":{"line":512,"column":46}},{"start":{"line":512,"column":46},"end":{"line":512,"column":50}}]},"102":{"loc":{"start":{"line":512,"column":19},"end":{"line":512,"column":46}},"type":"binary-expr","locations":[{"start":{"line":512,"column":19},"end":{"line":512,"column":46}},{"start":{"line":512,"column":42},"end":{"line":512,"column":46}}]}},"s":{"0":1,"1":1,"2":1,"3":1,"4":1,"5":1,"6":1,"7":1,"8":1,"9":421,"10":421,"11":1,"12":204,"13":0,"14":204,"15":204,"16":1,"17":1,"18":34,"19":1,"20":34,"21":1,"22":34,"23":1,"24":34,"25":34,"26":34,"27":34,"28":34,"29":1,"30":2,"31":2,"32":2,"33":2,"34":0,"35":2,"36":1,"37":1,"38":1,"39":1,"40":39,"41":39,"42":22,"43":22,"44":17,"45":25,"46":25,"47":22,"48":22,"49":18,"50":18,"51":18,"52":18,"53":18,"54":2,"55":2,"56":0,"57":2,"58":16,"59":14,"60":1,"61":13,"62":1,"63":14,"64":14,"65":1,"66":13,"67":1,"68":12,"69":21,"70":21,"71":21,"72":21,"73":21,"74":0,"75":21,"76":21,"77":5,"78":16,"79":16,"80":1,"81":15,"82":15,"83":1,"84":14,"85":14,"86":1,"87":13,"88":13,"89":13,"90":13,"91":13,"92":13,"93":13,"94":1,"95":12,"96":12,"97":5,"98":7,"99":7,"100":5,"101":1,"102":4,"103":4,"104":4,"105":3,"106":3,"107":1,"108":2,"109":1,"110":0,"111":1,"112":1,"113":1,"114":2,"115":2,"116":2,"117":13,"118":13,"119":13,"120":13,"121":13,"122":0,"123":13,"124":13,"125":1,"126":12,"127":12,"128":12,"129":1,"130":11,"131":1,"132":10,"133":10,"134":1,"135":9,"136":9,"137":9,"138":1,"139":8,"140":8,"141":1,"142":7,"143":7,"144":7,"145":7,"146":7,"147":7,"148":7,"149":1,"150":6,"151":6,"152":1,"153":5,"154":5,"155":4,"156":1,"157":3,"158":3,"159":3,"160":2,"161":2,"162":1,"163":1,"164":1,"165":0,"166":1,"167":1,"168":1,"169":1,"170":1,"171":1,"172":1},"f":{"0":421,"1":204,"2":34,"3":2,"4":39,"5":25,"6":22,"7":18,"8":21,"9":13},"b":{"0":[421,0],"1":[0,204],"2":[94,110],"3":[1,33],"4":[34,8],"5":[1,33],"6":[34,14],"7":[1,33],"8":[34,16,16],"9":[1,33],"10":[34,16,16,1,1],"11":[2,0],"12":[2,2],"13":[0,2],"14":[2,2],"15":[1,0],"16":[1,1,1],"17":[0],"18":[0,39],"19":[39,39],"20":[22,17],"21":[22,0],"22":[9,8],"23":[23,2],"24":[25,25],"25":[20,2],"26":[22,22],"27":[2,16],"28":[18,18,18],"29":[2,0,0,0,0],"30":[0,0],"31":[0,0],"32":[0,0],"33":[0,0],"34":[0,2],"35":[14,2],"36":[1,13],"37":[1,12],"38":[14,0],"39":[1,13],"40":[1,12],"41":[1,20],"42":[1,1],"43":[0,21],"44":[21,1,1],"45":[5,16],"46":[1,15],"47":[1,14],"48":[1,13],"49":[9,4],"50":[5,4],"51":[9,9],"52":[12,1],"53":[8,4],"54":[12,12],"55":[1,12],"56":[13,4,1],"57":[5,7],"58":[5,2],"59":[1,4],"60":[3,1],"61":[3,1,1],"62":[0,1],"63":[1,1],"64":[0,1],"65":[1,1],"66":[1,2],"67":[0,1],"68":[1,0],"69":[1,1],"70":[2,2],"71":[0,13],"72":[0,0],"73":[0,13],"74":[13,0,0],"75":[1,12],"76":[1,11],"77":[1,10],"78":[1,9],"79":[1,8],"80":[1,7],"81":[5,2],"82":[1,4],"83":[5,5],"84":[6,1],"85":[4,2],"86":[6,6],"87":[1,6],"88":[7,2,1],"89":[1,5],"90":[4,1],"91":[1,3],"92":[2,1],"93":[2,1,1],"94":[0,1],"95":[1,1],"96":[0,1],"97":[1,1],"98":[1,1],"99":[0,1],"100":[1,0],"101":[1,0],"102":[1,1]}}
}
