TN:
SF:app/courses/[courseId]/assessments/actions.ts
FN:43,readFormValue
FN:48,(anonymous_8)
FN:64,(anonymous_9)
FN:94,(anonymous_10)
FN:114,isoFromDateTime
FN:125,requireActiveGraderMembership
FN:142,getCourseDateRange
FN:152,validateWithinCourseRange
FN:227,createAssignmentAction
FN:371,updateAssignmentAction
FNF:10
FNH:10
FNDA:421,readFormValue
FNDA:204,(anonymous_8)
FNDA:34,(anonymous_9)
FNDA:2,(anonymous_10)
FNDA:39,isoFromDateTime
FNDA:25,requireActiveGraderMembership
FNDA:22,getCourseDateRange
FNDA:18,validateWithinCourseRange
FNDA:21,createAssignmentAction
FNDA:13,updateAssignmentAction
DA:3,1
DA:4,1
DA:5,1
DA:6,1
DA:7,1
DA:8,1
DA:9,1
DA:44,421
DA:45,421
DA:48,1
DA:49,204
DA:50,204
DA:51,204
DA:54,1
DA:64,1
DA:65,34
DA:66,1
DA:73,34
DA:74,1
DA:81,34
DA:82,1
DA:89,34
DA:90,34
DA:91,34
DA:92,34
DA:93,34
DA:94,1
DA:95,2
DA:96,2
DA:97,2
DA:98,2
DA:99,2
DA:102,1
DA:103,1
DA:104,1
DA:105,1
DA:115,39
DA:116,39
DA:118,22
DA:119,22
DA:122,17
DA:126,25
DA:139,25
DA:143,22
DA:149,22
DA:175,18
DA:177,18
DA:178,18
DA:179,18
DA:181,18
DA:182,2
DA:190,2
DA:191,0
DA:194,2
DA:198,16
DA:199,14
DA:200,1
DA:204,13
DA:205,1
DA:211,14
DA:212,14
DA:213,1
DA:217,13
DA:218,1
DA:224,12
DA:227,1
DA:231,21
DA:233,21
DA:248,21
DA:249,21
DA:251,21
DA:252,0
DA:255,21
DA:265,21
DA:266,5
DA:269,16
DA:270,16
DA:271,1
DA:274,15
DA:275,15
DA:276,1
DA:279,14
DA:280,14
DA:281,1
DA:284,13
DA:285,13
DA:287,13
DA:292,13
DA:296,13
DA:297,13
DA:301,13
DA:302,1
DA:312,12
DA:324,12
DA:325,5
DA:328,7
DA:329,7
DA:330,5
DA:331,1
DA:333,4
DA:334,4
DA:335,4
DA:336,3
DA:337,3
DA:338,1
DA:340,2
DA:342,1
DA:343,0
DA:345,1
DA:346,1
DA:347,1
DA:351,2
DA:367,2
DA:368,2
DA:371,1
DA:375,13
DA:377,13
DA:393,13
DA:394,13
DA:396,13
DA:397,0
DA:400,13
DA:410,13
DA:411,1
DA:414,12
DA:415,12
DA:416,12
DA:417,1
DA:419,11
DA:420,1
DA:423,10
DA:424,10
DA:425,1
DA:428,9
DA:434,9
DA:435,9
DA:436,1
DA:439,8
DA:440,8
DA:441,1
DA:444,7
DA:445,7
DA:447,7
DA:451,7
DA:455,7
DA:456,7
DA:458,7
DA:459,1
DA:469,6
DA:481,6
DA:482,1
DA:485,5
DA:486,5
DA:487,4
DA:488,1
DA:490,3
DA:491,3
DA:492,3
DA:493,2
DA:494,2
DA:495,1
DA:497,1
DA:499,1
DA:500,0
DA:502,1
DA:503,1
DA:504,1
DA:508,1
DA:522,1
DA:523,1
DA:524,1
LF:171
LH:166
BRDA:45,0,0,421
BRDA:45,0,1,0
BRDA:49,1,0,0
BRDA:49,1,1,204
BRDA:51,2,0,94
BRDA:51,2,1,110
BRDA:65,3,0,1
BRDA:65,3,1,33
BRDA:65,4,0,34
BRDA:65,4,1,8
BRDA:73,5,0,1
BRDA:73,5,1,33
BRDA:73,6,0,34
BRDA:73,6,1,14
BRDA:81,7,0,1
BRDA:81,7,1,33
BRDA:81,8,0,34
BRDA:81,8,1,16
BRDA:81,8,2,16
BRDA:93,9,0,1
BRDA:93,9,1,33
BRDA:93,10,0,34
BRDA:93,10,1,16
BRDA:93,10,2,16
BRDA:93,10,3,1
BRDA:93,10,4,1
BRDA:97,11,0,2
BRDA:97,11,1,0
BRDA:97,12,0,2
BRDA:97,12,1,2
BRDA:98,13,0,0
BRDA:98,13,1,2
BRDA:98,14,0,2
BRDA:98,14,1,2
BRDA:104,15,0,1
BRDA:104,15,1,0
BRDA:104,16,0,1
BRDA:104,16,1,1
BRDA:104,16,2,1
BRDA:114,17,0,0
BRDA:115,18,0,0
BRDA:115,18,1,39
BRDA:115,19,0,39
BRDA:115,19,1,39
BRDA:116,20,0,22
BRDA:116,20,1,17
BRDA:118,21,0,22
BRDA:118,21,1,0
BRDA:122,22,0,9
BRDA:122,22,1,8
BRDA:139,23,0,23
BRDA:139,23,1,2
BRDA:139,24,0,25
BRDA:139,24,1,25
BRDA:149,25,0,20
BRDA:149,25,1,2
BRDA:149,26,0,22
BRDA:149,26,1,22
BRDA:181,27,0,2
BRDA:181,27,1,16
BRDA:181,28,0,18
BRDA:181,28,1,18
BRDA:181,28,2,18
BRDA:183,29,0,2
BRDA:183,29,1,0
BRDA:183,29,2,0
BRDA:183,29,3,0
BRDA:183,29,4,0
BRDA:186,30,0,0
BRDA:186,30,1,0
BRDA:186,31,0,0
BRDA:186,31,1,0
BRDA:187,32,0,0
BRDA:187,32,1,0
BRDA:187,33,0,0
BRDA:187,33,1,0
BRDA:190,34,0,0
BRDA:190,34,1,2
BRDA:198,35,0,14
BRDA:198,35,1,2
BRDA:199,36,0,1
BRDA:199,36,1,13
BRDA:204,37,0,1
BRDA:204,37,1,12
BRDA:211,38,0,14
BRDA:211,38,1,0
BRDA:212,39,0,1
BRDA:212,39,1,13
BRDA:217,40,0,1
BRDA:217,40,1,12
BRDA:249,41,0,1
BRDA:249,41,1,20
BRDA:249,42,0,1
BRDA:249,42,1,1
BRDA:251,43,0,0
BRDA:251,43,1,21
BRDA:251,44,0,21
BRDA:251,44,1,1
BRDA:251,44,2,1
BRDA:265,45,0,5
BRDA:265,45,1,16
BRDA:270,46,0,1
BRDA:270,46,1,15
BRDA:275,47,0,1
BRDA:275,47,1,14
BRDA:280,48,0,1
BRDA:280,48,1,13
BRDA:287,49,0,9
BRDA:287,49,1,4
BRDA:288,50,0,5
BRDA:288,50,1,4
BRDA:288,51,0,9
BRDA:288,51,1,9
BRDA:292,52,0,12
BRDA:292,52,1,1
BRDA:293,53,0,8
BRDA:293,53,1,4
BRDA:293,54,0,12
BRDA:293,54,1,12
BRDA:301,55,0,1
BRDA:301,55,1,12
BRDA:301,56,0,13
BRDA:301,56,1,4
BRDA:301,56,2,1
BRDA:324,57,0,5
BRDA:324,57,1,7
BRDA:329,58,0,5
BRDA:329,58,1,2
BRDA:330,59,0,1
BRDA:330,59,1,4
BRDA:335,60,0,3
BRDA:335,60,1,1
BRDA:336,61,0,3
BRDA:336,61,1,1
BRDA:336,61,2,1
BRDA:336,62,0,0
BRDA:336,62,1,1
BRDA:336,63,0,1
BRDA:336,63,1,1
BRDA:336,64,0,0
BRDA:336,64,1,1
BRDA:336,65,0,1
BRDA:336,65,1,1
BRDA:337,66,0,1
BRDA:337,66,1,2
BRDA:342,67,0,0
BRDA:342,67,1,1
BRDA:345,68,0,1
BRDA:345,68,1,0
BRDA:354,69,0,1
BRDA:354,69,1,1
BRDA:354,70,0,2
BRDA:354,70,1,2
BRDA:394,71,0,0
BRDA:394,71,1,13
BRDA:394,72,0,0
BRDA:394,72,1,0
BRDA:396,73,0,0
BRDA:396,73,1,13
BRDA:396,74,0,13
BRDA:396,74,1,0
BRDA:396,74,2,0
BRDA:410,75,0,1
BRDA:410,75,1,12
BRDA:416,76,0,1
BRDA:416,76,1,11
BRDA:419,77,0,1
BRDA:419,77,1,10
BRDA:424,78,0,1
BRDA:424,78,1,9
BRDA:435,79,0,1
BRDA:435,79,1,8
BRDA:440,80,0,1
BRDA:440,80,1,7
BRDA:447,81,0,5
BRDA:447,81,1,2
BRDA:448,82,0,1
BRDA:448,82,1,4
BRDA:448,83,0,5
BRDA:448,83,1,5
BRDA:451,84,0,6
BRDA:451,84,1,1
BRDA:452,85,0,4
BRDA:452,85,1,2
BRDA:452,86,0,6
BRDA:452,86,1,6
BRDA:458,87,0,1
BRDA:458,87,1,6
BRDA:458,88,0,7
BRDA:458,88,1,2
BRDA:458,88,2,1
BRDA:481,89,0,1
BRDA:481,89,1,5
BRDA:486,90,0,4
BRDA:486,90,1,1
BRDA:487,91,0,1
BRDA:487,91,1,3
BRDA:492,92,0,2
BRDA:492,92,1,1
BRDA:493,93,0,2
BRDA:493,93,1,1
BRDA:493,93,2,1
BRDA:493,94,0,0
BRDA:493,94,1,1
BRDA:493,95,0,1
BRDA:493,95,1,1
BRDA:493,96,0,0
BRDA:493,96,1,1
BRDA:493,97,0,1
BRDA:493,97,1,1
BRDA:494,98,0,1
BRDA:494,98,1,1
BRDA:499,99,0,0
BRDA:499,99,1,1
BRDA:502,100,0,1
BRDA:502,100,1,0
BRDA:512,101,0,1
BRDA:512,101,1,0
BRDA:512,102,0,1
BRDA:512,102,1,1
BRF:220
BRH:182
end_of_record
